Determining if the pthread_create exist failed with the following output:
Change Dir: /home/ncls/catkin_ws/src/cluster_gen/cmake-build-debug/CMakeFiles/CMakeTmp

Run Build Command:"/usr/bin/make" "cmTC_51178/fast"
/usr/bin/make -f CMakeFiles/cmTC_51178.dir/build.make CMakeFiles/cmTC_51178.dir/build
make[1]: Entering directory '/home/ncls/catkin_ws/src/cluster_gen/cmake-build-debug/CMakeFiles/CMakeTmp'
Building C object CMakeFiles/cmTC_51178.dir/CheckSymbolExists.c.o
/usr/bin/cc    -o CMakeFiles/cmTC_51178.dir/CheckSymbolExists.c.o   -c /home/ncls/catkin_ws/src/cluster_gen/cmake-build-debug/CMakeFiles/CMakeTmp/CheckSymbolExists.c
Linking C executable cmTC_51178
/home/ncls/clion-2017.3.3/bin/cmake/bin/cmake -E cmake_link_script CMakeFiles/cmTC_51178.dir/link.txt --verbose=1
/usr/bin/cc      -rdynamic CMakeFiles/cmTC_51178.dir/CheckSymbolExists.c.o  -o cmTC_51178 
CMakeFiles/cmTC_51178.dir/CheckSymbolExists.c.o: In function `main':
CheckSymbolExists.c:(.text+0x16): undefined reference to `pthread_create'
collect2: error: ld returned 1 exit status
CMakeFiles/cmTC_51178.dir/build.make:97: recipe for target 'cmTC_51178' failed
make[1]: *** [cmTC_51178] Error 1
make[1]: Leaving directory '/home/ncls/catkin_ws/src/cluster_gen/cmake-build-debug/CMakeFiles/CMakeTmp'
Makefile:126: recipe for target 'cmTC_51178/fast' failed
make: *** [cmTC_51178/fast] Error 2

File /home/ncls/catkin_ws/src/cluster_gen/cmake-build-debug/CMakeFiles/CMakeTmp/CheckSymbolExists.c:
/* */
#include <pthread.h>

int main(int argc, char** argv)
{
  (void)argv;
#ifndef pthread_create
  return ((int*)(&pthread_create))[argc];
#else
  (void)argc;
  return 0;
#endif
}

Determining if the function pthread_create exists in the pthreads failed with the following output:
Change Dir: /home/ncls/catkin_ws/src/cluster_gen/cmake-build-debug/CMakeFiles/CMakeTmp

Run Build Command:"/usr/bin/make" "cmTC_d41f2/fast"
/usr/bin/make -f CMakeFiles/cmTC_d41f2.dir/build.make CMakeFiles/cmTC_d41f2.dir/build
make[1]: Entering directory '/home/ncls/catkin_ws/src/cluster_gen/cmake-build-debug/CMakeFiles/CMakeTmp'
Building C object CMakeFiles/cmTC_d41f2.dir/CheckFunctionExists.c.o
/usr/bin/cc   -DCHECK_FUNCTION_EXISTS=pthread_create   -o CMakeFiles/cmTC_d41f2.dir/CheckFunctionExists.c.o   -c /home/ncls/clion-2017.3.3/bin/cmake/share/cmake-3.9/Modules/CheckFunctionExists.c
Linking C executable cmTC_d41f2
/home/ncls/clion-2017.3.3/bin/cmake/bin/cmake -E cmake_link_script CMakeFiles/cmTC_d41f2.dir/link.txt --verbose=1
/usr/bin/cc  -DCHECK_FUNCTION_EXISTS=pthread_create    -rdynamic CMakeFiles/cmTC_d41f2.dir/CheckFunctionExists.c.o  -o cmTC_d41f2 -lpthreads 
/usr/bin/ld: cannot find -lpthreads
collect2: error: ld returned 1 exit status
CMakeFiles/cmTC_d41f2.dir/build.make:97: recipe for target 'cmTC_d41f2' failed
make[1]: *** [cmTC_d41f2] Error 1
make[1]: Leaving directory '/home/ncls/catkin_ws/src/cluster_gen/cmake-build-debug/CMakeFiles/CMakeTmp'
Makefile:126: recipe for target 'cmTC_d41f2/fast' failed
make: *** [cmTC_d41f2/fast] Error 2


